2024-01-19T17:02:48.090Z
cwd: ~/Documents/GitHub/DFE-042/das-quality-feedback-prototype
package: govuk-prototype-kit@13.16.0
argv: ~/.nvm/versions/node/v20.11.0/bin/node ~/.npm/_npx/751a68202a4807b7/node_modules/.bin/govuk-prototype-kit migrate
Started [Check migration is being applied to a pre v13 prototype]
Succeeded [Check migration is being applied to a pre v13 prototype]
2024-01-19T17:03:00.674Z
cwd: ~/Documents/GitHub/DFE-042/das-quality-feedback-prototype
package: govuk-prototype-kit@13.16.0
argv: ~/.nvm/versions/node/v20.11.0/bin/node ~/Documents/GitHub/DFE-042/das-quality-feedback-prototype/node_modules/.bin/govuk-prototype-kit migrate -- ~/Documents/GitHub/DFE-042/das-quality-feedback-prototype
Started [Migrate config.js to config.json]
Started [Update application SCSS file]
Started [Deleted files that are no longer needed]
Started [Deleted directories that are no longer needed]
Started [Delete listen-on-port.js]
Started [Delete server.js]
Started [Delete start.js]
Started [Delete gulpfile.js]
Started [Delete Procfile]
Started [Delete app/assets/sass/application-ie8.scss]
Started [Delete app/assets/sass/unbranded-ie8.scss]
Started [Delete VERSION.txt]
Started [Remove unused directory docs]
Started [Remove unused directory lib]
Started [Remove unused directory gulp]
Started [Remove unused directory public]
Succeeded [Migrate config.js to config.json]
Succeeded [Delete server.js]
Succeeded [Delete listen-on-port.js]
Succeeded [Delete start.js]
Succeeded [Delete gulpfile.js]
Succeeded [Delete Procfile]
Succeeded [Delete app/assets/sass/application-ie8.scss]
Succeeded [Delete app/assets/sass/unbranded-ie8.scss]
Succeeded [Delete VERSION.txt]
Succeeded [Deleted files that are no longer needed]
Started [Overwrite app/views/layout.html]
Started [Overwrite app/assets/javascripts/application.js]
Started [Overwrite app/filters.js]
Copying from [node_modules/govuk-prototype-kit/prototype-starter/app/views/layouts/main.html] to [app/views/layout.html]
Started [Delete app/assets/images/separator.png]
Started [Delete app/assets/images/unbranded.ico]
Found [// Add your routes here - above the module.exports line] in [app/routes.js], replacing
Started [Delete app/views/includes/breadcrumb_examples.html]
Started [Delete app/assets/images/separator-2x.png]
Started [Delete app/assets/javascripts/auto-store-data.js]
Started [Delete app/assets/sass/unbranded.scss]
Copying from [node_modules/govuk-prototype-kit/prototype-starter/app/assets/javascripts/application.js] to [app/assets/javascripts/application.js]
Started [Delete app/views/includes/head.html]
Started [Delete app/views/layout_unbranded.html]
Started [Delete app/views/includes/scripts.html]
Started [Delete app/assets/sass/patterns/_related-items.scss]
Started [Delete app/assets/sass/patterns/_step-by-step-related.scss]
Copying from [node_modules/govuk-prototype-kit/prototype-starter/app/filters.js] to [app/filters.js]
Started [Delete app/assets/sass/patterns/_step-by-step-header.scss]
Started [Delete app/assets/sass/patterns/_task-list.scss]
Succeeded [Remove unused directory gulp]
Keeping these lines from old file
Started [Delete app/assets/sass/patterns/_step-by-step-nav.scss]
Succeeded [Delete app/assets/images/separator.png]
Succeeded [Delete app/views/includes/breadcrumb_examples.html]
Succeeded [Delete app/assets/javascripts/auto-store-data.js]
Succeeded [Delete app/assets/images/unbranded.ico]
Succeeded [Delete app/assets/sass/unbranded.scss]
Succeeded [Delete app/views/includes/head.html]
Succeeded [Delete app/assets/images/separator-2x.png]
Succeeded [Delete app/views/layout_unbranded.html]
Succeeded [Delete app/views/includes/scripts.html]
Succeeded [Delete app/assets/sass/patterns/_related-items.scss]
Succeeded [Delete app/assets/sass/patterns/_step-by-step-header.scss]
Succeeded [Delete app/assets/sass/patterns/_step-by-step-related.scss]
Succeeded [Delete app/assets/sass/patterns/_task-list.scss]
Found [// Add extra styles here, or re-organise the Sass files in whichever way makes most sense to you] in [app/assets/sass/application.scss], replacing
Succeeded [Delete app/assets/sass/patterns/_step-by-step-nav.scss]
Keeping these lines from old file
//,// For guidance on how to create routes see:,// https://prototype-kit.service.gov.uk/docs/create-routes,//,,const govukPrototypeKit = require('govuk-prototype-kit'),const router = govukPrototypeKit.requests.setupRouter(),,// Add your routes here,,,module.exports = router,,,// Re-direct from multiple  radios ,router.post('/exit/exit2a', function (req, res) {,,    let chooseoption = req.session.data['chooseoption'],,    console.log(req.session.data['chooseoption']),,    //Option 1,    if (chooseoption === 'I did not complete') {,        res.redirect('/exit/exit3'),    },    //Option 2,    else if (chooseoption === 'I did complete') {,        res.redirect('/exit/exit2b'),    },,    //end,}),,,,,// Re-direct from multiple  radios ,router.post('/exit2/exit2a', function (req, res) {,,    let chooseoption = req.session.data['chooseoption'],,    console.log(req.session.data['chooseoption']),,    //Option 1,    if (chooseoption === 'Yes, this is correct') {,        res.redirect('/exit2/exit3'),    },    //Option 2,    else if (chooseoption === 'No, this is not correct') {,        res.redirect('/exit2/exit2b'),    },,    //end,})
Succeeded [Remove unused directory lib]
Found [module.exports = router;,module.exports = router] in [app/routes.js], removing
Succeeded [Update application SCSS file]
Succeeded [Remove unused directory public]
Succeeded [Remove unused directory docs]
Succeeded [Update routes file]
Succeeded [Deleted directories that are no longer needed]
Succeeded [Overwrite app/filters.js]
Succeeded [Overwrite app/views/layout.html]
Succeeded [Overwrite app/assets/javascripts/application.js]
Started [Delete app/assets/javascripts/jquery-1.11.3.js]
Succeeded [Delete app/assets/javascripts/jquery-1.11.3.js]
ENOENT: no such file or directory, stat '/Users/lsutton/Documents/GitHub/DFE-042/das-quality-feedback-prototype/app/views/layout_unbranded.html'
Error: ENOENT: no such file or directory, stat '/Users/lsutton/Documents/GitHub/DFE-042/das-quality-feedback-prototype/app/views/layout_unbranded.html'
